TN:
SF:/Users/Nelsonian/Projects/EDA/workspace/bootcamp/week-9/atua_AR/atua-web/client/actions/texts.js
FN:8,getTexts
FN:9,(anonymous_1)
FN:12,(anonymous_2)
FN:20,receiveTexts
FNF:4
FNH:0
FNDA:0,getTexts
FNDA:0,(anonymous_1)
FNDA:0,(anonymous_2)
FNDA:0,receiveTexts
DA:9,0
DA:10,0
DA:13,0
DA:21,0
LF:4
LH:0
BRF:0
BRH:0
end_of_record
TN:
SF:/Users/Nelsonian/Projects/EDA/workspace/bootcamp/week-9/atua_AR/atua-web/client/actions/weather.js
FN:6,(anonymous_0)
FN:12,(anonymous_1)
FN:19,(anonymous_2)
FN:27,getWeather
FN:28,(anonymous_4)
FN:32,(anonymous_5)
FNF:6
FNH:0
FNDA:0,(anonymous_0)
FNDA:0,(anonymous_1)
FNDA:0,(anonymous_2)
FNDA:0,getWeather
FNDA:0,(anonymous_4)
FNDA:0,(anonymous_5)
DA:3,1
DA:4,1
DA:6,1
DA:7,0
DA:12,1
DA:13,0
DA:19,1
DA:20,0
DA:28,0
DA:29,0
DA:30,0
DA:33,0
LF:12
LH:5
BRF:0
BRH:0
end_of_record
TN:
SF:/Users/Nelsonian/Projects/EDA/workspace/bootcamp/week-9/atua_AR/atua-web/client/components/App.jsx
FN:15,(anonymous_0)
FN:20,(anonymous_1)
FN:34,(anonymous_2)
FNF:3
FNH:0
FNDA:0,(anonymous_0)
FNDA:0,(anonymous_1)
FNDA:0,(anonymous_2)
DA:16,0
DA:17,0
DA:22,0
DA:34,1
DA:35,0
LF:5
LH:1
BRF:0
BRH:0
end_of_record
TN:
SF:/Users/Nelsonian/Projects/EDA/workspace/bootcamp/week-9/atua_AR/atua-web/client/components/Home.jsx
FN:8,(anonymous_0)
FN:18,(anonymous_1)
FN:24,(anonymous_2)
FN:30,(anonymous_3)
FN:36,(anonymous_4)
FN:69,(anonymous_5)
FNF:6
FNH:0
FNDA:0,(anonymous_0)
FNDA:0,(anonymous_1)
FNDA:0,(anonymous_2)
FNDA:0,(anonymous_3)
FNDA:0,(anonymous_4)
FNDA:0,(anonymous_5)
DA:9,0
DA:10,0
DA:14,0
DA:15,0
DA:16,0
DA:19,0
DA:25,0
DA:31,0
DA:37,0
DA:38,0
DA:39,0
DA:40,0
DA:69,1
DA:70,0
LF:14
LH:1
BRDA:57,0,0,0
BRDA:57,0,1,0
BRDA:59,1,0,0
BRDA:59,1,1,0
BRDA:60,2,0,0
BRDA:60,2,1,0
BRF:6
BRH:0
end_of_record
TN:
SF:/Users/Nelsonian/Projects/EDA/workspace/bootcamp/week-9/atua_AR/atua-web/client/components/Translation.js
FN:4,(anonymous_0)
FN:8,(anonymous_1)
FN:11,(anonymous_2)
FN:26,(anonymous_3)
FNF:4
FNH:0
FNDA:0,(anonymous_0)
FNDA:0,(anonymous_1)
FNDA:0,(anonymous_2)
FNDA:0,(anonymous_3)
DA:4,1
DA:5,0
DA:9,0
DA:12,0
DA:26,1
DA:27,0
DA:28,0
LF:7
LH:2
BRF:0
BRH:0
end_of_record
TN:
SF:/Users/Nelsonian/Projects/EDA/workspace/bootcamp/week-9/atua_AR/atua-web/client/sketches/sketch.js
FN:1,sketch
FN:10,(anonymous_1)
FN:14,(anonymous_2)
FN:22,(anonymous_3)
FN:25,(anonymous_4)
FN:30,(anonymous_5)
FN:83,(anonymous_6)
FN:96,(anonymous_7)
FN:121,(anonymous_8)
FN:132,(anonymous_9)
FN:140,(anonymous_10)
FN:157,(anonymous_11)
FN:165,(anonymous_12)
FN:174,(anonymous_13)
FN:182,(anonymous_14)
FN:193,(anonymous_15)
FNF:16
FNH:0
FNDA:0,sketch
FNDA:0,(anonymous_1)
FNDA:0,(anonymous_2)
FNDA:0,(anonymous_3)
FNDA:0,(anonymous_4)
FNDA:0,(anonymous_5)
FNDA:0,(anonymous_6)
FNDA:0,(anonymous_7)
FNDA:0,(anonymous_8)
FNDA:0,(anonymous_9)
FNDA:0,(anonymous_10)
FNDA:0,(anonymous_11)
FNDA:0,(anonymous_12)
FNDA:0,(anonymous_13)
FNDA:0,(anonymous_14)
FNDA:0,(anonymous_15)
DA:2,0
DA:3,0
DA:5,0
DA:8,0
DA:10,0
DA:11,0
DA:14,0
DA:16,0
DA:19,0
DA:22,0
DA:23,0
DA:25,0
DA:26,0
DA:30,0
DA:34,0
DA:35,0
DA:36,0
DA:37,0
DA:39,0
DA:40,0
DA:41,0
DA:42,0
DA:44,0
DA:46,0
DA:47,0
DA:48,0
DA:49,0
DA:50,0
DA:51,0
DA:52,0
DA:53,0
DA:54,0
DA:55,0
DA:56,0
DA:57,0
DA:58,0
DA:59,0
DA:60,0
DA:61,0
DA:64,0
DA:65,0
DA:66,0
DA:83,1
DA:85,0
DA:86,0
DA:87,0
DA:88,0
DA:89,0
DA:96,1
DA:101,0
DA:104,0
DA:105,0
DA:106,0
DA:111,0
DA:112,0
DA:121,1
DA:122,0
DA:123,0
DA:124,0
DA:132,1
DA:133,0
DA:140,1
DA:141,0
DA:143,0
DA:145,0
DA:146,0
DA:148,0
DA:149,0
DA:150,0
DA:151,0
DA:157,1
DA:158,0
DA:159,0
DA:165,1
DA:166,0
DA:167,0
DA:168,0
DA:174,1
DA:175,0
DA:182,1
DA:183,0
DA:184,0
DA:186,0
DA:193,1
DA:194,0
DA:195,0
DA:196,0
DA:197,0
LF:88
LH:10
BRDA:46,0,0,0
BRDA:46,0,1,0
BRDA:46,1,0,0
BRDA:46,1,1,0
BRDA:48,2,0,0
BRDA:48,2,1,0
BRDA:48,3,0,0
BRDA:48,3,1,0
BRDA:50,4,0,0
BRDA:50,4,1,0
BRDA:50,5,0,0
BRDA:50,5,1,0
BRDA:52,6,0,0
BRDA:52,6,1,0
BRDA:52,7,0,0
BRDA:52,7,1,0
BRDA:54,8,0,0
BRDA:54,8,1,0
BRDA:54,9,0,0
BRDA:54,9,1,0
BRDA:56,10,0,0
BRDA:56,10,1,0
BRDA:56,11,0,0
BRDA:56,11,1,0
BRDA:56,11,2,0
BRDA:58,12,0,0
BRDA:58,12,1,0
BRDA:58,13,0,0
BRDA:58,13,1,0
BRDA:60,14,0,0
BRDA:60,14,1,0
BRDA:60,15,0,0
BRDA:60,15,1,0
BRDA:60,15,2,0
BRDA:111,16,0,0
BRDA:111,16,1,0
BRDA:183,17,0,0
BRDA:183,17,1,0
BRF:38
BRH:0
end_of_record
TN:
SF:/Users/Nelsonian/Projects/EDA/workspace/bootcamp/week-9/atua_AR/atua-web/server/server.js
FNF:0
FNH:0
DA:4,1
DA:5,1
DA:6,1
DA:8,1
DA:10,1
DA:12,1
DA:14,1
DA:16,1
DA:17,1
DA:19,1
LF:10
LH:10
BRF:0
BRH:0
end_of_record
TN:
SF:/Users/Nelsonian/Projects/EDA/workspace/bootcamp/week-9/atua_AR/atua-web/server/routes/texts.js
FN:16,(anonymous_0)
FN:18,(anonymous_1)
FNF:2
FNH:2
FNDA:1,(anonymous_0)
FNDA:1,(anonymous_1)
DA:5,1
DA:6,1
DA:9,1
DA:14,1
DA:16,1
DA:17,1
DA:19,1
DA:20,1
DA:24,1
LF:9
LH:9
BRF:0
BRH:0
end_of_record
TN:
SF:/Users/Nelsonian/Projects/EDA/workspace/bootcamp/week-9/atua_AR/atua-web/server/routes/weather.js
FN:8,(anonymous_0)
FN:11,(anonymous_1)
FNF:2
FNH:0
FNDA:0,(anonymous_0)
FNDA:0,(anonymous_1)
DA:1,1
DA:2,1
DA:4,1
DA:6,1
DA:8,1
DA:9,0
DA:11,0
DA:12,0
DA:14,0
DA:19,1
LF:10
LH:6
BRDA:11,0,0,0
BRDA:11,0,1,0
BRF:2
BRH:0
end_of_record
TN:
SF:/Users/Nelsonian/Projects/EDA/workspace/bootcamp/week-9/atua_AR/atua-web/test/client/setup-dom.js
FNF:0
FNH:0
DA:1,1
DA:3,1
DA:5,1
DA:7,1
DA:8,1
DA:9,1
LF:6
LH:6
BRF:0
BRH:0
end_of_record
